<?xml version="1.0" encoding="UTF-8"?>
<testsuites name="RUN - Smoke Test" time="208.983" tests="7" failures="0" errors="0">
   <testsuite name="RUN - Smoke Test" tests="7" failures="0" errors="0" time="208.983" skipped="0" timestamp="2023-03-18 08:16:46" hostname="raditows - 192.168.1.5" id="Test Suites/RUN - Smoke Test">
      <properties>
         <property name="deviceName" value="emulator-5554 (Android SDK built for arm64 - Android 10)"/>
         <property name="devicePlatform" value=""/>
         <property name="logFolder" value="/Users/raditows/Developer/QATest/1 - Mobile/Reports/20230318_081531/RUN - Smoke Test/20230318_081550"/>
         <property name="logFiles" value="/Users/raditows/Developer/QATest/1 - Mobile/Reports/20230318_081531/RUN - Smoke Test/20230318_081550/execution0.log, /Users/raditows/Developer/QATest/1 - Mobile/Reports/20230318_081531/RUN - Smoke Test/20230318_081550/appium.log"/>
         <property name="attachments" value=""/>
         <property name="hostName" value="raditows - 192.168.1.5"/>
         <property name="os" value="Mac OS X 64bit"/>
         <property name="appiumServerStatus" value="{&quot;value&quot;:{&quot;build&quot;:{&quot;version&quot;:&quot;1.22.3&quot;}},&quot;sessionId&quot;:null,&quot;status&quot;:0}"/>
         <property name="katalonVersion" value="8.5.5.208"/>
         <property name="deviceOS" value="Android"/>
         <property name="appiumVersion" value="1.22.3"/>
         <property name="deviceModel" value="Android SDK built for arm64"/>
         <property name="hostAddress" value="192.168.1.5"/>
         <property name="deviceManufacturer" value="Google"/>
         <property name="deviceId" value="emulator-5554"/>
         <property name="deviceName" value="emulator-5554 (Android SDK built for arm64 - Android 10)"/>
         <property name="deviceOSVersion" value="10"/>
      </properties>
      <testcase name="Test Cases/Positive Case/TC-01 LoginApp" time="39.337" classname="Test Cases/Positive Case/TC-01 LoginApp" status="PASSED">
         <system-out><![CDATA[2023-03-18 08:16:46 - [TEST_CASE][PASSED] - Test Cases/Positive Case/TC-01 LoginApp: Test Cases/Positive Case/TC-01 LoginApp

2023-03-18 08:16:47 - [TEST_STEP][PASSED] - callTestCase(findTestCase("InitApp"), [:], STOP_ON_FAILURE): Call Test Case 'Test Cases/InitApp' successfully

2023-03-18 08:16:47 - [TEST_CASE][PASSED] - Test Cases/InitApp: Test Cases/InitApp

2023-03-18 08:16:47 - [TEST_STEP][PASSED] - startApplication("App/ecommerce-test.apk", true): Started app at: '/Users/raditows/Developer/QATest/1 - Mobile/App/ecommerce-test.apk'

2023-03-18 08:16:48 - [MESSAGE][INFO] - Detected NodeJS location: "/usr/local/bin/node"

2023-03-18 08:16:49 - [MESSAGE][INFO] - Appium server started on port 56,152

2023-03-18 08:17:06 - [MESSAGE][PASSED] - Started app at: '/Users/raditows/Developer/QATest/1 - Mobile/App/ecommerce-test.apk'

2023-03-18 08:17:06 - [TEST_STEP][PASSED] - delay(2): Delayed 2 second(s)

2023-03-18 08:17:08 - [MESSAGE][PASSED] - Delayed 2 second(s)

2023-03-18 08:17:09 - [TEST_STEP][PASSED] - swipe(800, 0, 100, 0): Swiped from 800,0 to 100,0

2023-03-18 08:17:10 - [MESSAGE][PASSED] - Swiped from 800,0 to 100,0

2023-03-18 08:17:10 - [TEST_STEP][PASSED] - delay(1): Delayed 1 second(s)

2023-03-18 08:17:11 - [MESSAGE][PASSED] - Delayed 1 second(s)

2023-03-18 08:17:11 - [TEST_STEP][PASSED] - swipe(800, 0, 100, 0): Swiped from 800,0 to 100,0

2023-03-18 08:17:12 - [MESSAGE][PASSED] - Swiped from 800,0 to 100,0

2023-03-18 08:17:12 - [TEST_STEP][PASSED] - delay(1): Delayed 1 second(s)

2023-03-18 08:17:13 - [MESSAGE][PASSED] - Delayed 1 second(s)

2023-03-18 08:17:13 - [TEST_STEP][PASSED] - swipe(800, 0, 100, 0): Swiped from 800,0 to 100,0

2023-03-18 08:17:14 - [MESSAGE][PASSED] - Swiped from 800,0 to 100,0

2023-03-18 08:17:14 - [TEST_STEP][PASSED] - delay(1): Delayed 1 second(s)

2023-03-18 08:17:15 - [MESSAGE][PASSED] - Delayed 1 second(s)

2023-03-18 08:17:15 - [TEST_STEP][PASSED] - swipe(800, 0, 100, 0): Swiped from 800,0 to 100,0

2023-03-18 08:17:16 - [MESSAGE][PASSED] - Swiped from 800,0 to 100,0

2023-03-18 08:17:16 - [TEST_STEP][PASSED] - delay(1): Delayed 1 second(s)

2023-03-18 08:17:17 - [MESSAGE][PASSED] - Delayed 1 second(s)

2023-03-18 08:17:17 - [TEST_STEP][PASSED] - tap(findTestObject("Object Repository/App/android.widget.TextView - Lets Get Started"), 0): Tapped on element 'Object Repository/App/android.widget.TextView - Lets Get Started'

2023-03-18 08:17:18 - [MESSAGE][WARNING] - Timeout '0' is invalid. Using default page load timeout: '30'

2023-03-18 08:17:18 - [MESSAGE][PASSED] - Tapped on element 'Object Repository/App/android.widget.TextView - Lets Get Started'

2023-03-18 08:17:18 - [MESSAGE][PASSED] - Call Test Case 'Test Cases/InitApp' successfully

2023-03-18 08:17:18 - [TEST_STEP][PASSED] - tap(findTestObject("Object Repository/Login/android.support.v7.app.ActionBarTab"), 0): Tapped on element 'Object Repository/Login/android.support.v7.app.ActionBarTab'

2023-03-18 08:17:18 - [MESSAGE][WARNING] - Timeout '0' is invalid. Using default page load timeout: '30'

2023-03-18 08:17:19 - [MESSAGE][PASSED] - Tapped on element 'Object Repository/Login/android.support.v7.app.ActionBarTab'

2023-03-18 08:17:19 - [TEST_STEP][PASSED] - tap(findTestObject("Object Repository/Login/android.widget.TextView - Sign In"), 0): Tapped on element 'Object Repository/Login/android.widget.TextView - Sign In'

2023-03-18 08:17:19 - [MESSAGE][WARNING] - Timeout '0' is invalid. Using default page load timeout: '30'

2023-03-18 08:17:20 - [MESSAGE][PASSED] - Tapped on element 'Object Repository/Login/android.widget.TextView - Sign In'

2023-03-18 08:17:20 - [TEST_STEP][PASSED] - setText(findTestObject("Object Repository/Login/android.widget.EditText - enter your registered email"), "admin", 0): Text 'admin' has been set to element 'Object Repository/Login/android.widget.EditText - enter your registered email'

2023-03-18 08:17:20 - [MESSAGE][WARNING] - Timeout '0' is invalid. Using default page load timeout: '30'

2023-03-18 08:17:22 - [MESSAGE][PASSED] - Text 'admin' has been set to element 'Object Repository/Login/android.widget.EditText - enter your registered email'

2023-03-18 08:17:22 - [TEST_STEP][PASSED] - setText(findTestObject("Object Repository/Login/android.widget.EditText - enter your secure password"), "123", 0): Text '123' has been set to element 'Object Repository/Login/android.widget.EditText - enter your secure password'

2023-03-18 08:17:22 - [MESSAGE][WARNING] - Timeout '0' is invalid. Using default page load timeout: '30'

2023-03-18 08:17:24 - [MESSAGE][PASSED] - Text '123' has been set to element 'Object Repository/Login/android.widget.EditText - enter your secure password'

2023-03-18 08:17:24 - [TEST_STEP][PASSED] - tap(findTestObject("Object Repository/Login/android.widget.Button - LOGIN"), 0): Tapped on element 'Object Repository/Login/android.widget.Button - LOGIN'

2023-03-18 08:17:24 - [MESSAGE][WARNING] - Timeout '0' is invalid. Using default page load timeout: '30'

2023-03-18 08:17:24 - [MESSAGE][PASSED] - Tapped on element 'Object Repository/Login/android.widget.Button - LOGIN'

2023-03-18 08:17:24 - [TEST_STEP][PASSED] - verifyElementText(findTestObject("Object Repository/Login/android.widget.TextView - Sign Out"), "Sign Out"): Actual text and expected text of test object 'Object Repository/Login/android.widget.TextView - Sign Out' are matched.

2023-03-18 08:17:25 - [MESSAGE][PASSED] - Actual text and expected text of test object 'Object Repository/Login/android.widget.TextView - Sign Out' are matched.

2023-03-18 08:17:25 - [TEST_STEP][PASSED] - verifyElementText(findTestObject("Object Repository/Login/android.widget.TextView - Hello"), "Hello"): Actual text and expected text of test object 'Object Repository/Login/android.widget.TextView - Hello' are matched.

2023-03-18 08:17:26 - [MESSAGE][PASSED] - Actual text and expected text of test object 'Object Repository/Login/android.widget.TextView - Hello' are matched.]]></system-out>
         <system-err><![CDATA[]]></system-err>
      </testcase>
      <testcase name="Test Cases/Positive Case/TC-02 Logout" time="26.941" classname="Test Cases/Positive Case/TC-02 Logout" status="PASSED">
         <system-out><![CDATA[2023-03-18 08:17:26 - [TEST_CASE][PASSED] - Test Cases/Positive Case/TC-02 Logout: Test Cases/Positive Case/TC-02 Logout

2023-03-18 08:17:26 - [TEST_STEP][PASSED] - callTestCase(findTestCase("Positive Case/TC-01 LoginApp"), [:], STOP_ON_FAILURE): Call Test Case 'Test Cases/Positive Case/TC-01 LoginApp' successfully

2023-03-18 08:17:26 - [TEST_CASE][PASSED] - Test Cases/Positive Case/TC-01 LoginApp: Test Cases/Positive Case/TC-01 LoginApp

2023-03-18 08:17:26 - [TEST_STEP][PASSED] - callTestCase(findTestCase("InitApp"), [:], STOP_ON_FAILURE): Call Test Case 'Test Cases/InitApp' successfully

2023-03-18 08:17:26 - [TEST_CASE][PASSED] - Test Cases/InitApp: Test Cases/InitApp

2023-03-18 08:17:26 - [TEST_STEP][PASSED] - startApplication("App/ecommerce-test.apk", true): Started app at: '/Users/raditows/Developer/QATest/1 - Mobile/App/ecommerce-test.apk'

2023-03-18 08:17:33 - [MESSAGE][PASSED] - Started app at: '/Users/raditows/Developer/QATest/1 - Mobile/App/ecommerce-test.apk'

2023-03-18 08:17:33 - [TEST_STEP][PASSED] - delay(2): Delayed 2 second(s)

2023-03-18 08:17:35 - [MESSAGE][PASSED] - Delayed 2 second(s)

2023-03-18 08:17:35 - [TEST_STEP][PASSED] - swipe(800, 0, 100, 0): Swiped from 800,0 to 100,0

2023-03-18 08:17:36 - [MESSAGE][PASSED] - Swiped from 800,0 to 100,0

2023-03-18 08:17:36 - [TEST_STEP][PASSED] - delay(1): Delayed 1 second(s)

2023-03-18 08:17:38 - [MESSAGE][PASSED] - Delayed 1 second(s)

2023-03-18 08:17:38 - [TEST_STEP][PASSED] - swipe(800, 0, 100, 0): Swiped from 800,0 to 100,0

2023-03-18 08:17:39 - [MESSAGE][PASSED] - Swiped from 800,0 to 100,0

2023-03-18 08:17:39 - [TEST_STEP][PASSED] - delay(1): Delayed 1 second(s)

2023-03-18 08:17:40 - [MESSAGE][PASSED] - Delayed 1 second(s)

2023-03-18 08:17:40 - [TEST_STEP][PASSED] - swipe(800, 0, 100, 0): Swiped from 800,0 to 100,0

2023-03-18 08:17:41 - [MESSAGE][PASSED] - Swiped from 800,0 to 100,0

2023-03-18 08:17:41 - [TEST_STEP][PASSED] - delay(1): Delayed 1 second(s)

2023-03-18 08:17:42 - [MESSAGE][PASSED] - Delayed 1 second(s)

2023-03-18 08:17:42 - [TEST_STEP][PASSED] - swipe(800, 0, 100, 0): Swiped from 800,0 to 100,0

2023-03-18 08:17:43 - [MESSAGE][PASSED] - Swiped from 800,0 to 100,0

2023-03-18 08:17:43 - [TEST_STEP][PASSED] - delay(1): Delayed 1 second(s)

2023-03-18 08:17:44 - [MESSAGE][PASSED] - Delayed 1 second(s)

2023-03-18 08:17:44 - [TEST_STEP][PASSED] - tap(findTestObject("Object Repository/App/android.widget.TextView - Lets Get Started"), 0): Tapped on element 'Object Repository/App/android.widget.TextView - Lets Get Started'

2023-03-18 08:17:44 - [MESSAGE][WARNING] - Timeout '0' is invalid. Using default page load timeout: '30'

2023-03-18 08:17:44 - [MESSAGE][PASSED] - Tapped on element 'Object Repository/App/android.widget.TextView - Lets Get Started'

2023-03-18 08:17:45 - [MESSAGE][PASSED] - Call Test Case 'Test Cases/InitApp' successfully

2023-03-18 08:17:45 - [TEST_STEP][PASSED] - tap(findTestObject("Object Repository/Login/android.support.v7.app.ActionBarTab"), 0): Tapped on element 'Object Repository/Login/android.support.v7.app.ActionBarTab'

2023-03-18 08:17:45 - [MESSAGE][WARNING] - Timeout '0' is invalid. Using default page load timeout: '30'

2023-03-18 08:17:46 - [MESSAGE][PASSED] - Tapped on element 'Object Repository/Login/android.support.v7.app.ActionBarTab'

2023-03-18 08:17:46 - [TEST_STEP][PASSED] - tap(findTestObject("Object Repository/Login/android.widget.TextView - Sign In"), 0): Tapped on element 'Object Repository/Login/android.widget.TextView - Sign In'

2023-03-18 08:17:46 - [MESSAGE][WARNING] - Timeout '0' is invalid. Using default page load timeout: '30'

2023-03-18 08:17:46 - [MESSAGE][PASSED] - Tapped on element 'Object Repository/Login/android.widget.TextView - Sign In'

2023-03-18 08:17:46 - [TEST_STEP][PASSED] - setText(findTestObject("Object Repository/Login/android.widget.EditText - enter your registered email"), "admin", 0): Text 'admin' has been set to element 'Object Repository/Login/android.widget.EditText - enter your registered email'

2023-03-18 08:17:46 - [MESSAGE][WARNING] - Timeout '0' is invalid. Using default page load timeout: '30'

2023-03-18 08:17:48 - [MESSAGE][PASSED] - Text 'admin' has been set to element 'Object Repository/Login/android.widget.EditText - enter your registered email'

2023-03-18 08:17:48 - [TEST_STEP][PASSED] - setText(findTestObject("Object Repository/Login/android.widget.EditText - enter your secure password"), "123", 0): Text '123' has been set to element 'Object Repository/Login/android.widget.EditText - enter your secure password'

2023-03-18 08:17:48 - [MESSAGE][WARNING] - Timeout '0' is invalid. Using default page load timeout: '30'

2023-03-18 08:17:50 - [MESSAGE][PASSED] - Text '123' has been set to element 'Object Repository/Login/android.widget.EditText - enter your secure password'

2023-03-18 08:17:50 - [TEST_STEP][PASSED] - tap(findTestObject("Object Repository/Login/android.widget.Button - LOGIN"), 0): Tapped on element 'Object Repository/Login/android.widget.Button - LOGIN'

2023-03-18 08:17:50 - [MESSAGE][WARNING] - Timeout '0' is invalid. Using default page load timeout: '30'

2023-03-18 08:17:50 - [MESSAGE][PASSED] - Tapped on element 'Object Repository/Login/android.widget.Button - LOGIN'

2023-03-18 08:17:50 - [TEST_STEP][PASSED] - verifyElementText(findTestObject("Object Repository/Login/android.widget.TextView - Sign Out"), "Sign Out"): Actual text and expected text of test object 'Object Repository/Login/android.widget.TextView - Sign Out' are matched.

2023-03-18 08:17:52 - [MESSAGE][PASSED] - Actual text and expected text of test object 'Object Repository/Login/android.widget.TextView - Sign Out' are matched.

2023-03-18 08:17:52 - [TEST_STEP][PASSED] - verifyElementText(findTestObject("Object Repository/Login/android.widget.TextView - Hello"), "Hello"): Actual text and expected text of test object 'Object Repository/Login/android.widget.TextView - Hello' are matched.

2023-03-18 08:17:52 - [MESSAGE][PASSED] - Actual text and expected text of test object 'Object Repository/Login/android.widget.TextView - Hello' are matched.

2023-03-18 08:17:52 - [MESSAGE][PASSED] - Call Test Case 'Test Cases/Positive Case/TC-01 LoginApp' successfully

2023-03-18 08:17:52 - [TEST_STEP][PASSED] - verifyElementText(findTestObject("Object Repository/Logout/android.widget.TextView - Sign Out"), "Sign Out"): Actual text and expected text of test object 'Object Repository/Logout/android.widget.TextView - Sign Out' are matched.

2023-03-18 08:17:52 - [MESSAGE][PASSED] - Actual text and expected text of test object 'Object Repository/Logout/android.widget.TextView - Sign Out' are matched.

2023-03-18 08:17:52 - [TEST_STEP][PASSED] - tap(findTestObject("Object Repository/Logout/android.widget.TextView - Sign Out"), 0): Tapped on element 'Object Repository/Logout/android.widget.TextView - Sign Out'

2023-03-18 08:17:52 - [MESSAGE][WARNING] - Timeout '0' is invalid. Using default page load timeout: '30'

2023-03-18 08:17:52 - [MESSAGE][PASSED] - Tapped on element 'Object Repository/Logout/android.widget.TextView - Sign Out'

2023-03-18 08:17:52 - [TEST_STEP][PASSED] - verifyElementText(findTestObject("Object Repository/Logout/android.widget.TextView - Guest"), "Guest"): Actual text and expected text of test object 'Object Repository/Logout/android.widget.TextView - Guest' are matched.

2023-03-18 08:17:53 - [MESSAGE][PASSED] - Actual text and expected text of test object 'Object Repository/Logout/android.widget.TextView - Guest' are matched.]]></system-out>
         <system-err><![CDATA[]]></system-err>
      </testcase>
      <testcase name="Test Cases/Negative Case/TC-02 Error Register on Password Confirm" time="31.355" classname="Test Cases/Negative Case/TC-02 Error Register on Password Confirm" status="PASSED">
         <system-out><![CDATA[2023-03-18 08:17:53 - [TEST_CASE][PASSED] - Test Cases/Negative Case/TC-02 Error Register on Password Confirm: Test Cases/Negative Case/TC-02 Error Register on Password Confirm

2023-03-18 08:17:53 - [TEST_STEP][PASSED] - callTestCase(findTestCase("InitApp"), [:], STOP_ON_FAILURE): Call Test Case 'Test Cases/InitApp' successfully

2023-03-18 08:17:53 - [TEST_CASE][PASSED] - Test Cases/InitApp: Test Cases/InitApp

2023-03-18 08:17:53 - [TEST_STEP][PASSED] - startApplication("App/ecommerce-test.apk", true): Started app at: '/Users/raditows/Developer/QATest/1 - Mobile/App/ecommerce-test.apk'

2023-03-18 08:18:00 - [MESSAGE][PASSED] - Started app at: '/Users/raditows/Developer/QATest/1 - Mobile/App/ecommerce-test.apk'

2023-03-18 08:18:00 - [TEST_STEP][PASSED] - delay(2): Delayed 2 second(s)

2023-03-18 08:18:02 - [MESSAGE][PASSED] - Delayed 2 second(s)

2023-03-18 08:18:03 - [TEST_STEP][PASSED] - swipe(800, 0, 100, 0): Swiped from 800,0 to 100,0

2023-03-18 08:18:04 - [MESSAGE][PASSED] - Swiped from 800,0 to 100,0

2023-03-18 08:18:04 - [TEST_STEP][PASSED] - delay(1): Delayed 1 second(s)

2023-03-18 08:18:05 - [MESSAGE][PASSED] - Delayed 1 second(s)

2023-03-18 08:18:05 - [TEST_STEP][PASSED] - swipe(800, 0, 100, 0): Swiped from 800,0 to 100,0

2023-03-18 08:18:06 - [MESSAGE][PASSED] - Swiped from 800,0 to 100,0

2023-03-18 08:18:06 - [TEST_STEP][PASSED] - delay(1): Delayed 1 second(s)

2023-03-18 08:18:07 - [MESSAGE][PASSED] - Delayed 1 second(s)

2023-03-18 08:18:07 - [TEST_STEP][PASSED] - swipe(800, 0, 100, 0): Swiped from 800,0 to 100,0

2023-03-18 08:18:08 - [MESSAGE][PASSED] - Swiped from 800,0 to 100,0

2023-03-18 08:18:08 - [TEST_STEP][PASSED] - delay(1): Delayed 1 second(s)

2023-03-18 08:18:09 - [MESSAGE][PASSED] - Delayed 1 second(s)

2023-03-18 08:18:09 - [TEST_STEP][PASSED] - swipe(800, 0, 100, 0): Swiped from 800,0 to 100,0

2023-03-18 08:18:10 - [MESSAGE][PASSED] - Swiped from 800,0 to 100,0

2023-03-18 08:18:11 - [TEST_STEP][PASSED] - delay(1): Delayed 1 second(s)

2023-03-18 08:18:12 - [MESSAGE][PASSED] - Delayed 1 second(s)

2023-03-18 08:18:12 - [TEST_STEP][PASSED] - tap(findTestObject("Object Repository/App/android.widget.TextView - Lets Get Started"), 0): Tapped on element 'Object Repository/App/android.widget.TextView - Lets Get Started'

2023-03-18 08:18:12 - [MESSAGE][WARNING] - Timeout '0' is invalid. Using default page load timeout: '30'

2023-03-18 08:18:12 - [MESSAGE][PASSED] - Tapped on element 'Object Repository/App/android.widget.TextView - Lets Get Started'

2023-03-18 08:18:12 - [MESSAGE][PASSED] - Call Test Case 'Test Cases/InitApp' successfully

2023-03-18 08:18:12 - [TEST_STEP][PASSED] - tap(findTestObject("Object Repository/Register/android.support.v7.app.ActionBarTab (1)"), 0): Tapped on element 'Object Repository/Register/android.support.v7.app.ActionBarTab (1)'

2023-03-18 08:18:12 - [MESSAGE][WARNING] - Timeout '0' is invalid. Using default page load timeout: '30'

2023-03-18 08:18:13 - [MESSAGE][PASSED] - Tapped on element 'Object Repository/Register/android.support.v7.app.ActionBarTab (1)'

2023-03-18 08:18:13 - [TEST_STEP][PASSED] - tap(findTestObject("Object Repository/Register/android.widget.TextView - Sign In (1)"), 0): Tapped on element 'Object Repository/Register/android.widget.TextView - Sign In (1)'

2023-03-18 08:18:13 - [MESSAGE][WARNING] - Timeout '0' is invalid. Using default page load timeout: '30'

2023-03-18 08:18:14 - [MESSAGE][PASSED] - Tapped on element 'Object Repository/Register/android.widget.TextView - Sign In (1)'

2023-03-18 08:18:14 - [TEST_STEP][PASSED] - swipe(1000, 400, 0, 400): Swiped from 1,000,400 to 0,400

2023-03-18 08:18:15 - [MESSAGE][PASSED] - Swiped from 1,000,400 to 0,400

2023-03-18 08:18:15 - [TEST_STEP][PASSED] - setText(findTestObject("Object Repository/Register/android.widget.EditText - Your first  last name (1)"), "bro", 0): Text 'bro' has been set to element 'Object Repository/Register/android.widget.EditText - Your first  last name (1)'

2023-03-18 08:18:15 - [MESSAGE][WARNING] - Timeout '0' is invalid. Using default page load timeout: '30'

2023-03-18 08:18:17 - [MESSAGE][PASSED] - Text 'bro' has been set to element 'Object Repository/Register/android.widget.EditText - Your first  last name (1)'

2023-03-18 08:18:17 - [TEST_STEP][PASSED] - setText(findTestObject("Object Repository/Register/android.widget.EditText - enter your registered email"), "bro@email.com", 0): Text 'bro@email.com' has been set to element 'Object Repository/Register/android.widget.EditText - enter your registered email'

2023-03-18 08:18:17 - [MESSAGE][WARNING] - Timeout '0' is invalid. Using default page load timeout: '30'

2023-03-18 08:18:18 - [MESSAGE][PASSED] - Text 'bro@email.com' has been set to element 'Object Repository/Register/android.widget.EditText - enter your registered email'

2023-03-18 08:18:18 - [TEST_STEP][PASSED] - setText(findTestObject("Object Repository/Register/android.widget.EditText - create a strong password"), "123", 0): Text '123' has been set to element 'Object Repository/Register/android.widget.EditText - create a strong password'

2023-03-18 08:18:18 - [MESSAGE][WARNING] - Timeout '0' is invalid. Using default page load timeout: '30'

2023-03-18 08:18:20 - [MESSAGE][PASSED] - Text '123' has been set to element 'Object Repository/Register/android.widget.EditText - create a strong password'

2023-03-18 08:18:20 - [TEST_STEP][PASSED] - setText(findTestObject("Object Repository/Register/android.widget.EditText - repeat your password"), "456", 0): Text '456' has been set to element 'Object Repository/Register/android.widget.EditText - repeat your password'

2023-03-18 08:18:20 - [MESSAGE][WARNING] - Timeout '0' is invalid. Using default page load timeout: '30'

2023-03-18 08:18:22 - [MESSAGE][PASSED] - Text '456' has been set to element 'Object Repository/Register/android.widget.EditText - repeat your password'

2023-03-18 08:18:22 - [TEST_STEP][PASSED] - tap(findTestObject("Object Repository/Register/android.widget.Button - SIGNUP (1)"), 0): Tapped on element 'Object Repository/Register/android.widget.Button - SIGNUP (1)'

2023-03-18 08:18:22 - [MESSAGE][WARNING] - Timeout '0' is invalid. Using default page load timeout: '30'

2023-03-18 08:18:22 - [MESSAGE][PASSED] - Tapped on element 'Object Repository/Register/android.widget.Button - SIGNUP (1)'

2023-03-18 08:18:22 - [TEST_STEP][PASSED] - verifyElementText(findTestObject("Object Repository/Register/android.widget.TextView - Password and Confirm password not match"), "Password and Confirm password not match."): Actual text and expected text of test object 'Object Repository/Register/android.widget.TextView - Password and Confirm password not match' are matched.

2023-03-18 08:18:23 - [MESSAGE][PASSED] - Actual text and expected text of test object 'Object Repository/Register/android.widget.TextView - Password and Confirm password not match' are matched.

2023-03-18 08:18:23 - [TEST_STEP][PASSED] - closeApplication(): Close app successfully

2023-03-18 08:18:24 - [MESSAGE][PASSED] - Close app successfully]]></system-out>
         <system-err><![CDATA[]]></system-err>
      </testcase>
      <testcase name="Test Cases/Negative Case/TC-04 Error Login on Empty Password" time="27.054" classname="Test Cases/Negative Case/TC-04 Error Login on Empty Password" status="PASSED">
         <system-out><![CDATA[2023-03-18 08:18:24 - [TEST_CASE][PASSED] - Test Cases/Negative Case/TC-04 Error Login on Empty Password: Test Cases/Negative Case/TC-04 Error Login on Empty Password

2023-03-18 08:18:24 - [TEST_STEP][PASSED] - callTestCase(findTestCase("InitApp"), [:], STOP_ON_FAILURE): Call Test Case 'Test Cases/InitApp' successfully

2023-03-18 08:18:24 - [TEST_CASE][PASSED] - Test Cases/InitApp: Test Cases/InitApp

2023-03-18 08:18:24 - [TEST_STEP][PASSED] - startApplication("App/ecommerce-test.apk", true): Started app at: '/Users/raditows/Developer/QATest/1 - Mobile/App/ecommerce-test.apk'

2023-03-18 08:18:25 - [MESSAGE][INFO] - Detected NodeJS location: "/usr/local/bin/node"

2023-03-18 08:18:26 - [MESSAGE][INFO] - Appium server started on port 56,662

2023-03-18 08:18:34 - [MESSAGE][PASSED] - Started app at: '/Users/raditows/Developer/QATest/1 - Mobile/App/ecommerce-test.apk'

2023-03-18 08:18:34 - [TEST_STEP][PASSED] - delay(2): Delayed 2 second(s)

2023-03-18 08:18:36 - [MESSAGE][PASSED] - Delayed 2 second(s)

2023-03-18 08:18:36 - [TEST_STEP][PASSED] - swipe(800, 0, 100, 0): Swiped from 800,0 to 100,0

2023-03-18 08:18:37 - [MESSAGE][PASSED] - Swiped from 800,0 to 100,0

2023-03-18 08:18:37 - [TEST_STEP][PASSED] - delay(1): Delayed 1 second(s)

2023-03-18 08:18:38 - [MESSAGE][PASSED] - Delayed 1 second(s)

2023-03-18 08:18:38 - [TEST_STEP][PASSED] - swipe(800, 0, 100, 0): Swiped from 800,0 to 100,0

2023-03-18 08:18:39 - [MESSAGE][PASSED] - Swiped from 800,0 to 100,0

2023-03-18 08:18:39 - [TEST_STEP][PASSED] - delay(1): Delayed 1 second(s)

2023-03-18 08:18:40 - [MESSAGE][PASSED] - Delayed 1 second(s)

2023-03-18 08:18:40 - [TEST_STEP][PASSED] - swipe(800, 0, 100, 0): Swiped from 800,0 to 100,0

2023-03-18 08:18:42 - [MESSAGE][PASSED] - Swiped from 800,0 to 100,0

2023-03-18 08:18:42 - [TEST_STEP][PASSED] - delay(1): Delayed 1 second(s)

2023-03-18 08:18:43 - [MESSAGE][PASSED] - Delayed 1 second(s)

2023-03-18 08:18:43 - [TEST_STEP][PASSED] - swipe(800, 0, 100, 0): Swiped from 800,0 to 100,0

2023-03-18 08:18:44 - [MESSAGE][PASSED] - Swiped from 800,0 to 100,0

2023-03-18 08:18:44 - [TEST_STEP][PASSED] - delay(1): Delayed 1 second(s)

2023-03-18 08:18:45 - [MESSAGE][PASSED] - Delayed 1 second(s)

2023-03-18 08:18:45 - [TEST_STEP][PASSED] - tap(findTestObject("Object Repository/App/android.widget.TextView - Lets Get Started"), 0): Tapped on element 'Object Repository/App/android.widget.TextView - Lets Get Started'

2023-03-18 08:18:45 - [MESSAGE][WARNING] - Timeout '0' is invalid. Using default page load timeout: '30'

2023-03-18 08:18:45 - [MESSAGE][PASSED] - Tapped on element 'Object Repository/App/android.widget.TextView - Lets Get Started'

2023-03-18 08:18:45 - [MESSAGE][PASSED] - Call Test Case 'Test Cases/InitApp' successfully

2023-03-18 08:18:45 - [TEST_STEP][PASSED] - tap(findTestObject("Object Repository/Login/android.support.v7.app.ActionBarTab (2)"), 0): Tapped on element 'Object Repository/Login/android.support.v7.app.ActionBarTab (2)'

2023-03-18 08:18:45 - [MESSAGE][WARNING] - Timeout '0' is invalid. Using default page load timeout: '30'

2023-03-18 08:18:46 - [MESSAGE][PASSED] - Tapped on element 'Object Repository/Login/android.support.v7.app.ActionBarTab (2)'

2023-03-18 08:18:46 - [TEST_STEP][PASSED] - tap(findTestObject("Object Repository/Login/android.widget.TextView - Sign In (2)"), 0): Tapped on element 'Object Repository/Login/android.widget.TextView - Sign In (2)'

2023-03-18 08:18:46 - [MESSAGE][WARNING] - Timeout '0' is invalid. Using default page load timeout: '30'

2023-03-18 08:18:47 - [MESSAGE][PASSED] - Tapped on element 'Object Repository/Login/android.widget.TextView - Sign In (2)'

2023-03-18 08:18:47 - [TEST_STEP][PASSED] - setText(findTestObject("Object Repository/Login/android.widget.EditText - enter your registered email (1)"), "bro@mail.com", 0): Text 'bro@mail.com' has been set to element 'Object Repository/Login/android.widget.EditText - enter your registered email (1)'

2023-03-18 08:18:47 - [MESSAGE][WARNING] - Timeout '0' is invalid. Using default page load timeout: '30'

2023-03-18 08:18:49 - [MESSAGE][PASSED] - Text 'bro@mail.com' has been set to element 'Object Repository/Login/android.widget.EditText - enter your registered email (1)'

2023-03-18 08:18:49 - [TEST_STEP][PASSED] - tap(findTestObject("Object Repository/Login/android.widget.Button - LOGIN (2)"), 0): Tapped on element 'Object Repository/Login/android.widget.Button - LOGIN (2)'

2023-03-18 08:18:49 - [MESSAGE][WARNING] - Timeout '0' is invalid. Using default page load timeout: '30'

2023-03-18 08:18:49 - [MESSAGE][PASSED] - Tapped on element 'Object Repository/Login/android.widget.Button - LOGIN (2)'

2023-03-18 08:18:49 - [TEST_STEP][PASSED] - verifyElementText(findTestObject("Object Repository/Login/android.widget.TextView - Please enter password"), "Please enter password."): Actual text and expected text of test object 'Object Repository/Login/android.widget.TextView - Please enter password' are matched.

2023-03-18 08:18:50 - [MESSAGE][PASSED] - Actual text and expected text of test object 'Object Repository/Login/android.widget.TextView - Please enter password' are matched.

2023-03-18 08:18:50 - [TEST_STEP][PASSED] - closeApplication(): Close app successfully

2023-03-18 08:18:51 - [MESSAGE][PASSED] - Close app successfully]]></system-out>
         <system-err><![CDATA[]]></system-err>
      </testcase>
      <testcase name="Test Cases/Negative Case/TC-01 Error Register on Empty Input" time="26.823" classname="Test Cases/Negative Case/TC-01 Error Register on Empty Input" status="PASSED">
         <system-out><![CDATA[2023-03-18 08:18:51 - [TEST_CASE][PASSED] - Test Cases/Negative Case/TC-01 Error Register on Empty Input: Test Cases/Negative Case/TC-01 Error Register on Empty Input

2023-03-18 08:18:51 - [TEST_STEP][PASSED] - callTestCase(findTestCase("InitApp"), [:], STOP_ON_FAILURE): Call Test Case 'Test Cases/InitApp' successfully

2023-03-18 08:18:51 - [TEST_CASE][PASSED] - Test Cases/InitApp: Test Cases/InitApp

2023-03-18 08:18:51 - [TEST_STEP][PASSED] - startApplication("App/ecommerce-test.apk", true): Started app at: '/Users/raditows/Developer/QATest/1 - Mobile/App/ecommerce-test.apk'

2023-03-18 08:18:52 - [MESSAGE][INFO] - Detected NodeJS location: "/usr/local/bin/node"

2023-03-18 08:18:53 - [MESSAGE][INFO] - Appium server started on port 56,828

2023-03-18 08:19:01 - [MESSAGE][PASSED] - Started app at: '/Users/raditows/Developer/QATest/1 - Mobile/App/ecommerce-test.apk'

2023-03-18 08:19:01 - [TEST_STEP][PASSED] - delay(2): Delayed 2 second(s)

2023-03-18 08:19:03 - [MESSAGE][PASSED] - Delayed 2 second(s)

2023-03-18 08:19:03 - [TEST_STEP][PASSED] - swipe(800, 0, 100, 0): Swiped from 800,0 to 100,0

2023-03-18 08:19:04 - [MESSAGE][PASSED] - Swiped from 800,0 to 100,0

2023-03-18 08:19:04 - [TEST_STEP][PASSED] - delay(1): Delayed 1 second(s)

2023-03-18 08:19:05 - [MESSAGE][PASSED] - Delayed 1 second(s)

2023-03-18 08:19:05 - [TEST_STEP][PASSED] - swipe(800, 0, 100, 0): Swiped from 800,0 to 100,0

2023-03-18 08:19:07 - [MESSAGE][PASSED] - Swiped from 800,0 to 100,0

2023-03-18 08:19:07 - [TEST_STEP][PASSED] - delay(1): Delayed 1 second(s)

2023-03-18 08:19:08 - [MESSAGE][PASSED] - Delayed 1 second(s)

2023-03-18 08:19:08 - [TEST_STEP][PASSED] - swipe(800, 0, 100, 0): Swiped from 800,0 to 100,0

2023-03-18 08:19:09 - [MESSAGE][PASSED] - Swiped from 800,0 to 100,0

2023-03-18 08:19:09 - [TEST_STEP][PASSED] - delay(1): Delayed 1 second(s)

2023-03-18 08:19:10 - [MESSAGE][PASSED] - Delayed 1 second(s)

2023-03-18 08:19:10 - [TEST_STEP][PASSED] - swipe(800, 0, 100, 0): Swiped from 800,0 to 100,0

2023-03-18 08:19:11 - [MESSAGE][PASSED] - Swiped from 800,0 to 100,0

2023-03-18 08:19:11 - [TEST_STEP][PASSED] - delay(1): Delayed 1 second(s)

2023-03-18 08:19:12 - [MESSAGE][PASSED] - Delayed 1 second(s)

2023-03-18 08:19:12 - [TEST_STEP][PASSED] - tap(findTestObject("Object Repository/App/android.widget.TextView - Lets Get Started"), 0): Tapped on element 'Object Repository/App/android.widget.TextView - Lets Get Started'

2023-03-18 08:19:12 - [MESSAGE][WARNING] - Timeout '0' is invalid. Using default page load timeout: '30'

2023-03-18 08:19:13 - [MESSAGE][PASSED] - Tapped on element 'Object Repository/App/android.widget.TextView - Lets Get Started'

2023-03-18 08:19:13 - [MESSAGE][PASSED] - Call Test Case 'Test Cases/InitApp' successfully

2023-03-18 08:19:13 - [TEST_STEP][PASSED] - tap(findTestObject("Object Repository/Register/android.support.v7.app.ActionBarTab"), 0): Tapped on element 'Object Repository/Register/android.support.v7.app.ActionBarTab'

2023-03-18 08:19:13 - [MESSAGE][WARNING] - Timeout '0' is invalid. Using default page load timeout: '30'

2023-03-18 08:19:14 - [MESSAGE][PASSED] - Tapped on element 'Object Repository/Register/android.support.v7.app.ActionBarTab'

2023-03-18 08:19:14 - [TEST_STEP][PASSED] - tap(findTestObject("Object Repository/Register/android.widget.TextView - Sign In"), 0): Tapped on element 'Object Repository/Register/android.widget.TextView - Sign In'

2023-03-18 08:19:14 - [MESSAGE][WARNING] - Timeout '0' is invalid. Using default page load timeout: '30'

2023-03-18 08:19:14 - [MESSAGE][PASSED] - Tapped on element 'Object Repository/Register/android.widget.TextView - Sign In'

2023-03-18 08:19:14 - [TEST_STEP][PASSED] - swipe(1000, 400, 0, 400): Swiped from 1,000,400 to 0,400

2023-03-18 08:19:16 - [MESSAGE][PASSED] - Swiped from 1,000,400 to 0,400

2023-03-18 08:19:16 - [TEST_STEP][PASSED] - tap(findTestObject("Object Repository/Register/android.widget.Button - SIGNUP"), 0): Tapped on element 'Object Repository/Register/android.widget.Button - SIGNUP'

2023-03-18 08:19:16 - [MESSAGE][WARNING] - Timeout '0' is invalid. Using default page load timeout: '30'

2023-03-18 08:19:16 - [MESSAGE][PASSED] - Tapped on element 'Object Repository/Register/android.widget.Button - SIGNUP'

2023-03-18 08:19:16 - [TEST_STEP][PASSED] - verifyElementText(findTestObject("Object Repository/Register/android.widget.TextView - Please enter username"), "Please enter username."): Actual text and expected text of test object 'Object Repository/Register/android.widget.TextView - Please enter username' are matched.

2023-03-18 08:19:17 - [MESSAGE][PASSED] - Actual text and expected text of test object 'Object Repository/Register/android.widget.TextView - Please enter username' are matched.

2023-03-18 08:19:17 - [TEST_STEP][PASSED] - closeApplication(): Close app successfully

2023-03-18 08:19:18 - [MESSAGE][PASSED] - Close app successfully]]></system-out>
         <system-err><![CDATA[]]></system-err>
      </testcase>
      <testcase name="Test Cases/Negative Case/TC-05 Error Register on Empty Email" time="31.124" classname="Test Cases/Negative Case/TC-05 Error Register on Empty Email" status="PASSED">
         <system-out><![CDATA[2023-03-18 08:19:18 - [TEST_CASE][PASSED] - Test Cases/Negative Case/TC-05 Error Register on Empty Email: Test Cases/Negative Case/TC-05 Error Register on Empty Email

2023-03-18 08:19:18 - [TEST_STEP][PASSED] - callTestCase(findTestCase("InitApp"), [:], STOP_ON_FAILURE): Call Test Case 'Test Cases/InitApp' successfully

2023-03-18 08:19:18 - [TEST_CASE][PASSED] - Test Cases/InitApp: Test Cases/InitApp

2023-03-18 08:19:18 - [TEST_STEP][PASSED] - startApplication("App/ecommerce-test.apk", true): Started app at: '/Users/raditows/Developer/QATest/1 - Mobile/App/ecommerce-test.apk'

2023-03-18 08:19:19 - [MESSAGE][INFO] - Detected NodeJS location: "/usr/local/bin/node"

2023-03-18 08:19:20 - [MESSAGE][INFO] - Appium server started on port 56,983

2023-03-18 08:19:28 - [MESSAGE][PASSED] - Started app at: '/Users/raditows/Developer/QATest/1 - Mobile/App/ecommerce-test.apk'

2023-03-18 08:19:28 - [TEST_STEP][PASSED] - delay(2): Delayed 2 second(s)

2023-03-18 08:19:30 - [MESSAGE][PASSED] - Delayed 2 second(s)

2023-03-18 08:19:30 - [TEST_STEP][PASSED] - swipe(800, 0, 100, 0): Swiped from 800,0 to 100,0

2023-03-18 08:19:31 - [MESSAGE][PASSED] - Swiped from 800,0 to 100,0

2023-03-18 08:19:31 - [TEST_STEP][PASSED] - delay(1): Delayed 1 second(s)

2023-03-18 08:19:32 - [MESSAGE][PASSED] - Delayed 1 second(s)

2023-03-18 08:19:32 - [TEST_STEP][PASSED] - swipe(800, 0, 100, 0): Swiped from 800,0 to 100,0

2023-03-18 08:19:33 - [MESSAGE][PASSED] - Swiped from 800,0 to 100,0

2023-03-18 08:19:33 - [TEST_STEP][PASSED] - delay(1): Delayed 1 second(s)

2023-03-18 08:19:34 - [MESSAGE][PASSED] - Delayed 1 second(s)

2023-03-18 08:19:34 - [TEST_STEP][PASSED] - swipe(800, 0, 100, 0): Swiped from 800,0 to 100,0

2023-03-18 08:19:36 - [MESSAGE][PASSED] - Swiped from 800,0 to 100,0

2023-03-18 08:19:36 - [TEST_STEP][PASSED] - delay(1): Delayed 1 second(s)

2023-03-18 08:19:37 - [MESSAGE][PASSED] - Delayed 1 second(s)

2023-03-18 08:19:37 - [TEST_STEP][PASSED] - swipe(800, 0, 100, 0): Swiped from 800,0 to 100,0

2023-03-18 08:19:38 - [MESSAGE][PASSED] - Swiped from 800,0 to 100,0

2023-03-18 08:19:38 - [TEST_STEP][PASSED] - delay(1): Delayed 1 second(s)

2023-03-18 08:19:39 - [MESSAGE][PASSED] - Delayed 1 second(s)

2023-03-18 08:19:39 - [TEST_STEP][PASSED] - tap(findTestObject("Object Repository/App/android.widget.TextView - Lets Get Started"), 0): Tapped on element 'Object Repository/App/android.widget.TextView - Lets Get Started'

2023-03-18 08:19:39 - [MESSAGE][WARNING] - Timeout '0' is invalid. Using default page load timeout: '30'

2023-03-18 08:19:39 - [MESSAGE][PASSED] - Tapped on element 'Object Repository/App/android.widget.TextView - Lets Get Started'

2023-03-18 08:19:39 - [MESSAGE][PASSED] - Call Test Case 'Test Cases/InitApp' successfully

2023-03-18 08:19:39 - [TEST_STEP][PASSED] - tap(findTestObject("Object Repository/Register/android.support.v7.app.ActionBarTab (1)"), 0): Tapped on element 'Object Repository/Register/android.support.v7.app.ActionBarTab (1)'

2023-03-18 08:19:39 - [MESSAGE][WARNING] - Timeout '0' is invalid. Using default page load timeout: '30'

2023-03-18 08:19:40 - [MESSAGE][PASSED] - Tapped on element 'Object Repository/Register/android.support.v7.app.ActionBarTab (1)'

2023-03-18 08:19:40 - [TEST_STEP][PASSED] - tap(findTestObject("Object Repository/Register/android.widget.TextView - Sign In (1)"), 0): Tapped on element 'Object Repository/Register/android.widget.TextView - Sign In (1)'

2023-03-18 08:19:40 - [MESSAGE][WARNING] - Timeout '0' is invalid. Using default page load timeout: '30'

2023-03-18 08:19:41 - [MESSAGE][PASSED] - Tapped on element 'Object Repository/Register/android.widget.TextView - Sign In (1)'

2023-03-18 08:19:41 - [TEST_STEP][PASSED] - swipe(1000, 400, 0, 400): Swiped from 1,000,400 to 0,400

2023-03-18 08:19:43 - [MESSAGE][PASSED] - Swiped from 1,000,400 to 0,400

2023-03-18 08:19:43 - [TEST_STEP][PASSED] - setText(findTestObject("Object Repository/Register/android.widget.EditText - Your first  last name (1)"), "bro", 0): Text 'bro' has been set to element 'Object Repository/Register/android.widget.EditText - Your first  last name (1)'

2023-03-18 08:19:43 - [MESSAGE][WARNING] - Timeout '0' is invalid. Using default page load timeout: '30'

2023-03-18 08:19:44 - [MESSAGE][PASSED] - Text 'bro' has been set to element 'Object Repository/Register/android.widget.EditText - Your first  last name (1)'

2023-03-18 08:19:44 - [TEST_STEP][PASSED] - setText(findTestObject("Object Repository/Register/android.widget.EditText - create a strong password (1)"), "123", 0): Text '123' has been set to element 'Object Repository/Register/android.widget.EditText - create a strong password (1)'

2023-03-18 08:19:44 - [MESSAGE][WARNING] - Timeout '0' is invalid. Using default page load timeout: '30'

2023-03-18 08:19:45 - [MESSAGE][PASSED] - Text '123' has been set to element 'Object Repository/Register/android.widget.EditText - create a strong password (1)'

2023-03-18 08:19:45 - [TEST_STEP][PASSED] - setText(findTestObject("Object Repository/Register/android.widget.EditText - repeat your password (1)"), "123", 0): Text '123' has been set to element 'Object Repository/Register/android.widget.EditText - repeat your password (1)'

2023-03-18 08:19:45 - [MESSAGE][WARNING] - Timeout '0' is invalid. Using default page load timeout: '30'

2023-03-18 08:19:47 - [MESSAGE][PASSED] - Text '123' has been set to element 'Object Repository/Register/android.widget.EditText - repeat your password (1)'

2023-03-18 08:19:47 - [TEST_STEP][PASSED] - tap(findTestObject("Object Repository/Register/android.widget.Button - SIGNUP (2)"), 0): Tapped on element 'Object Repository/Register/android.widget.Button - SIGNUP (2)'

2023-03-18 08:19:47 - [MESSAGE][WARNING] - Timeout '0' is invalid. Using default page load timeout: '30'

2023-03-18 08:19:47 - [MESSAGE][PASSED] - Tapped on element 'Object Repository/Register/android.widget.Button - SIGNUP (2)'

2023-03-18 08:19:47 - [TEST_STEP][PASSED] - verifyElementText(findTestObject("Object Repository/Register/android.widget.TextView - Please enter email address"), "Please enter email address."): Actual text and expected text of test object 'Object Repository/Register/android.widget.TextView - Please enter email address' are matched.

2023-03-18 08:19:48 - [MESSAGE][PASSED] - Actual text and expected text of test object 'Object Repository/Register/android.widget.TextView - Please enter email address' are matched.

2023-03-18 08:19:48 - [TEST_STEP][PASSED] - closeApplication(): Close app successfully

2023-03-18 08:19:49 - [MESSAGE][PASSED] - Close app successfully]]></system-out>
         <system-err><![CDATA[]]></system-err>
      </testcase>
      <testcase name="Test Cases/Negative Case/TC-03 Error Login on Empty Values" time="25.787" classname="Test Cases/Negative Case/TC-03 Error Login on Empty Values" status="PASSED">
         <system-out><![CDATA[2023-03-18 08:19:49 - [TEST_CASE][PASSED] - Test Cases/Negative Case/TC-03 Error Login on Empty Values: Test Cases/Negative Case/TC-03 Error Login on Empty Values

2023-03-18 08:19:49 - [TEST_STEP][PASSED] - callTestCase(findTestCase("InitApp"), [:], STOP_ON_FAILURE): Call Test Case 'Test Cases/InitApp' successfully

2023-03-18 08:19:50 - [TEST_CASE][PASSED] - Test Cases/InitApp: Test Cases/InitApp

2023-03-18 08:19:50 - [TEST_STEP][PASSED] - startApplication("App/ecommerce-test.apk", true): Started app at: '/Users/raditows/Developer/QATest/1 - Mobile/App/ecommerce-test.apk'

2023-03-18 08:19:50 - [MESSAGE][INFO] - Detected NodeJS location: "/usr/local/bin/node"

2023-03-18 08:19:51 - [MESSAGE][INFO] - Appium server started on port 57,140

2023-03-18 08:19:59 - [MESSAGE][PASSED] - Started app at: '/Users/raditows/Developer/QATest/1 - Mobile/App/ecommerce-test.apk'

2023-03-18 08:19:59 - [TEST_STEP][PASSED] - delay(2): Delayed 2 second(s)

2023-03-18 08:20:01 - [MESSAGE][PASSED] - Delayed 2 second(s)

2023-03-18 08:20:01 - [TEST_STEP][PASSED] - swipe(800, 0, 100, 0): Swiped from 800,0 to 100,0

2023-03-18 08:20:03 - [MESSAGE][PASSED] - Swiped from 800,0 to 100,0

2023-03-18 08:20:03 - [TEST_STEP][PASSED] - delay(1): Delayed 1 second(s)

2023-03-18 08:20:04 - [MESSAGE][PASSED] - Delayed 1 second(s)

2023-03-18 08:20:04 - [TEST_STEP][PASSED] - swipe(800, 0, 100, 0): Swiped from 800,0 to 100,0

2023-03-18 08:20:05 - [MESSAGE][PASSED] - Swiped from 800,0 to 100,0

2023-03-18 08:20:05 - [TEST_STEP][PASSED] - delay(1): Delayed 1 second(s)

2023-03-18 08:20:06 - [MESSAGE][PASSED] - Delayed 1 second(s)

2023-03-18 08:20:06 - [TEST_STEP][PASSED] - swipe(800, 0, 100, 0): Swiped from 800,0 to 100,0

2023-03-18 08:20:07 - [MESSAGE][PASSED] - Swiped from 800,0 to 100,0

2023-03-18 08:20:07 - [TEST_STEP][PASSED] - delay(1): Delayed 1 second(s)

2023-03-18 08:20:08 - [MESSAGE][PASSED] - Delayed 1 second(s)

2023-03-18 08:20:08 - [TEST_STEP][PASSED] - swipe(800, 0, 100, 0): Swiped from 800,0 to 100,0

2023-03-18 08:20:09 - [MESSAGE][PASSED] - Swiped from 800,0 to 100,0

2023-03-18 08:20:09 - [TEST_STEP][PASSED] - delay(1): Delayed 1 second(s)

2023-03-18 08:20:10 - [MESSAGE][PASSED] - Delayed 1 second(s)

2023-03-18 08:20:10 - [TEST_STEP][PASSED] - tap(findTestObject("Object Repository/App/android.widget.TextView - Lets Get Started"), 0): Tapped on element 'Object Repository/App/android.widget.TextView - Lets Get Started'

2023-03-18 08:20:10 - [MESSAGE][WARNING] - Timeout '0' is invalid. Using default page load timeout: '30'

2023-03-18 08:20:11 - [MESSAGE][PASSED] - Tapped on element 'Object Repository/App/android.widget.TextView - Lets Get Started'

2023-03-18 08:20:11 - [MESSAGE][PASSED] - Call Test Case 'Test Cases/InitApp' successfully

2023-03-18 08:20:11 - [TEST_STEP][PASSED] - tap(findTestObject("Object Repository/Login/android.support.v7.app.ActionBarTab (1)"), 0): Tapped on element 'Object Repository/Login/android.support.v7.app.ActionBarTab (1)'

2023-03-18 08:20:11 - [MESSAGE][WARNING] - Timeout '0' is invalid. Using default page load timeout: '30'

2023-03-18 08:20:12 - [MESSAGE][PASSED] - Tapped on element 'Object Repository/Login/android.support.v7.app.ActionBarTab (1)'

2023-03-18 08:20:12 - [TEST_STEP][PASSED] - tap(findTestObject("Object Repository/Login/android.widget.TextView - Sign In (1)"), 0): Tapped on element 'Object Repository/Login/android.widget.TextView - Sign In (1)'

2023-03-18 08:20:12 - [MESSAGE][WARNING] - Timeout '0' is invalid. Using default page load timeout: '30'

2023-03-18 08:20:13 - [MESSAGE][PASSED] - Tapped on element 'Object Repository/Login/android.widget.TextView - Sign In (1)'

2023-03-18 08:20:13 - [TEST_STEP][PASSED] - tap(findTestObject("Object Repository/Login/android.widget.Button - LOGIN (1)"), 0): Tapped on element 'Object Repository/Login/android.widget.Button - LOGIN (1)'

2023-03-18 08:20:13 - [MESSAGE][WARNING] - Timeout '0' is invalid. Using default page load timeout: '30'

2023-03-18 08:20:13 - [MESSAGE][PASSED] - Tapped on element 'Object Repository/Login/android.widget.Button - LOGIN (1)'

2023-03-18 08:20:13 - [TEST_STEP][PASSED] - verifyElementText(findTestObject("Object Repository/Login/android.widget.TextView - Please enter email address"), "Please enter email address."): Actual text and expected text of test object 'Object Repository/Login/android.widget.TextView - Please enter email address' are matched.

2023-03-18 08:20:14 - [MESSAGE][PASSED] - Actual text and expected text of test object 'Object Repository/Login/android.widget.TextView - Please enter email address' are matched.

2023-03-18 08:20:14 - [TEST_STEP][PASSED] - closeApplication(): Close app successfully

2023-03-18 08:20:15 - [MESSAGE][PASSED] - Close app successfully]]></system-out>
         <system-err><![CDATA[]]></system-err>
      </testcase>
      <system-out><![CDATA[2023-03-18 08:16:46 - [TEST_SUITE][PASSED] - RUN - Smoke Test: Test Cases/Negative Case/TC-03 Error Login on Empty Values]]></system-out>
      <system-err><![CDATA[]]></system-err>
   </testsuite>
</testsuites>
