<?xml version="1.0" encoding="UTF-8"?>
<testsuites name="RUN - Smoke Test" time="259.983" tests="7" failures="0" errors="0">
   <testsuite name="RUN - Smoke Test" tests="7" failures="0" errors="0" time="259.983" skipped="0" timestamp="2023-03-17 23:52:46" hostname="raditows - 192.168.1.5" id="Test Suites/RUN - Smoke Test">
      <properties>
         <property name="deviceName" value=""/>
         <property name="devicePlatform" value=""/>
         <property name="logFolder" value="/Users/raditows/Developer/QATest/2 - Web/Reports/20230317_235056/RUN - Smoke Test/20230317_235108"/>
         <property name="logFiles" value="/Users/raditows/Developer/QATest/2 - Web/Reports/20230317_235056/RUN - Smoke Test/20230317_235108/execution0.log"/>
         <property name="attachments" value=""/>
         <property name="hostName" value="raditows - 192.168.1.5"/>
         <property name="os" value="Mac OS X 64bit"/>
         <property name="katalonVersion" value="8.5.5.208"/>
         <property name="browser" value="Chrome 111.0.0.0"/>
         <property name="hostAddress" value="192.168.1.5"/>
         <property name="sessionId" value="6f30137b117b7abd22d7c9768380b0ef"/>
         <property name="seleniumVersion" value="3.141.59"/>
         <property name="proxyInformation" value="ProxyInformation { proxyOption=NO_PROXY, proxyServerType=HTTP, username=, password=********, proxyServerAddress=, proxyServerPort=0, executionList=&quot;&quot;, isApplyToDesiredCapabilities=true }"/>
         <property name="platform" value="Mac OS X"/>
      </properties>
      <testcase name="Test Cases/Positive Case/TC-02 - Register (Sign Up) Button" time="58.054" classname="Test Cases/Positive Case/TC-02 - Register (Sign Up) Button" status="PASSED">
         <system-out><![CDATA[2023-03-17 23:52:46 - [TEST_CASE][PASSED] - Test Cases/Positive Case/TC-02 - Register (Sign Up) Button: Test Cases/Positive Case/TC-02 - Register (Sign Up) Button

2023-03-17 23:52:47 - [TEST_STEP][PASSED] - openBrowser(""): Browser is opened with url: ''

2023-03-17 23:52:47 - [MESSAGE][INFO] - Starting 'Chrome' driver

2023-03-17 23:52:47 - [MESSAGE][INFO] - Action delay is set to 0 milliseconds

2023-03-17 23:52:55 - [MESSAGE][PASSED] - Browser is opened with url: ''

2023-03-17 23:52:55 - [TEST_STEP][PASSED] - navigateToUrl(web): Navigate to 'https://demo.midtrans.com/' successfully

2023-03-17 23:52:59 - [MESSAGE][PASSED] - Navigate to 'https://demo.midtrans.com/' successfully

2023-03-17 23:52:59 - [TEST_STEP][PASSED] - waitForElementPresent(findTestObject("Object Repository/Register/div_Ready to integrate SNAPSIGN UP"), 0): Object 'Object Repository/Register/div_Ready to integrate SNAPSIGN UP' is present

2023-03-17 23:52:59 - [MESSAGE][WARNING] - Timeout '0' is invalid. Using default page load timeout: '30'

2023-03-17 23:53:00 - [MESSAGE][PASSED] - Object 'Object Repository/Register/div_Ready to integrate SNAPSIGN UP' is present

2023-03-17 23:53:00 - [TEST_STEP][PASSED] - click(findTestObject("Object Repository/Register/a_SIGN UP")): Object: 'Object Repository/Register/a_SIGN UP' is clicked on

2023-03-17 23:53:00 - [MESSAGE][PASSED] - Object: 'Object Repository/Register/a_SIGN UP' is clicked on

2023-03-17 23:53:00 - [TEST_STEP][PASSED] - switchToWindowTitle("MAP | Registration"): Switched to window with title: 'MAP | Registration'

2023-03-17 23:53:43 - [MESSAGE][PASSED] - Switched to window with title: 'MAP | Registration'

2023-03-17 23:53:43 - [TEST_STEP][PASSED] - assert getUrl() == "https://dashboard.midtrans.com/register": Current window's url is: 'https://dashboard.midtrans.com/register'

2023-03-17 23:53:43 - [MESSAGE][PASSED] - Current window's url is: 'https://dashboard.midtrans.com/register'

2023-03-17 23:53:43 - [TEST_STEP][PASSED] - verifyElementText(findTestObject("Object Repository/Register/h1_Registration"), "Registration"): Actual text and expected text of test object 'Object Repository/Register/h1_Registration' are matched.

2023-03-17 23:53:44 - [MESSAGE][PASSED] - Actual text and expected text of test object 'Object Repository/Register/h1_Registration' are matched.

2023-03-17 23:53:44 - [TEST_STEP][PASSED] - closeBrowser(): Browser is closed

2023-03-17 23:53:44 - [MESSAGE][PASSED] - Browser is closed]]></system-out>
         <system-err><![CDATA[]]></system-err>
      </testcase>
      <testcase name="Test Cases/Positive Case/TC-06 - Payment PopUp on Checkout" time="68.876" classname="Test Cases/Positive Case/TC-06 - Payment PopUp on Checkout" status="PASSED">
         <system-out><![CDATA[2023-03-17 23:53:44 - [TEST_CASE][PASSED] - Test Cases/Positive Case/TC-06 - Payment PopUp on Checkout: Test Cases/Positive Case/TC-06 - Payment PopUp on Checkout

2023-03-17 23:53:44 - [TEST_STEP][PASSED] - openBrowser(""): Browser is opened with url: ''

2023-03-17 23:53:44 - [MESSAGE][INFO] - Starting 'Chrome' driver

2023-03-17 23:53:45 - [MESSAGE][INFO] - Action delay is set to 0 milliseconds

2023-03-17 23:53:53 - [MESSAGE][PASSED] - Browser is opened with url: ''

2023-03-17 23:53:53 - [TEST_STEP][PASSED] - navigateToUrl(web): Navigate to 'https://demo.midtrans.com/' successfully

2023-03-17 23:53:59 - [MESSAGE][PASSED] - Navigate to 'https://demo.midtrans.com/' successfully

2023-03-17 23:53:59 - [TEST_STEP][PASSED] - click(findTestObject("Object Repository/PopupCheckout/a_BUY NOW")): Object: 'Object Repository/PopupCheckout/a_BUY NOW' is clicked on

2023-03-17 23:54:06 - [MESSAGE][PASSED] - Object: 'Object Repository/PopupCheckout/a_BUY NOW' is clicked on

2023-03-17 23:54:06 - [TEST_STEP][PASSED] - click(findTestObject("Object Repository/PopupCheckout/div_CHECKOUT")): Object: 'Object Repository/PopupCheckout/div_CHECKOUT' is clicked on

2023-03-17 23:54:20 - [MESSAGE][PASSED] - Object: 'Object Repository/PopupCheckout/div_CHECKOUT' is clicked on

2023-03-17 23:54:20 - [TEST_STEP][PASSED] - verifyElementVisible(findTestObject("Object Repository/PopupCheckout/div_TEST_modal-iframe")): Object 'Object Repository/PopupCheckout/div_TEST_modal-iframe' is visible

2023-03-17 23:54:46 - [MESSAGE][PASSED] - Object 'Object Repository/PopupCheckout/div_TEST_modal-iframe' is visible

2023-03-17 23:54:46 - [TEST_STEP][PASSED] - verifyElementVisible(findTestObject("Object Repository/PopupCheckout/div_DEMO STORE")): Object 'Object Repository/PopupCheckout/div_DEMO STORE' is visible

2023-03-17 23:54:47 - [MESSAGE][PASSED] - Object 'Object Repository/PopupCheckout/div_DEMO STORE' is visible

2023-03-17 23:54:47 - [TEST_STEP][PASSED] - verifyElementVisible(findTestObject("Object Repository/PopupCheckout/div_TotalChoose within235907Rp20.000Order I_01234c")): Object 'Object Repository/PopupCheckout/div_TotalChoose within235907Rp20.000Order I_01234c' is visible

2023-03-17 23:54:48 - [MESSAGE][PASSED] - Object 'Object Repository/PopupCheckout/div_TotalChoose within235907Rp20.000Order I_01234c' is visible

2023-03-17 23:54:48 - [TEST_STEP][PASSED] - click(findTestObject("Object Repository/PopupCheckout/img_Rp20.000_logo")): Object: 'Object Repository/PopupCheckout/img_Rp20.000_logo' is clicked on

2023-03-17 23:54:52 - [MESSAGE][PASSED] - Object: 'Object Repository/PopupCheckout/img_Rp20.000_logo' is clicked on

2023-03-17 23:54:52 - [TEST_STEP][PASSED] - verifyElementVisible(findTestObject("Object Repository/PopupCheckout/div_TotalChoose within235849Rp20.000Order I_b557cd")): Object 'Object Repository/PopupCheckout/div_TotalChoose within235849Rp20.000Order I_b557cd' is visible

2023-03-17 23:54:53 - [MESSAGE][PASSED] - Object 'Object Repository/PopupCheckout/div_TotalChoose within235849Rp20.000Order I_b557cd' is visible]]></system-out>
         <system-err><![CDATA[]]></system-err>
      </testcase>
      <testcase name="Test Cases/Positive Case/TC-07 - Payment PopUp on Close" time="29.976" classname="Test Cases/Positive Case/TC-07 - Payment PopUp on Close" status="PASSED">
         <system-out><![CDATA[2023-03-17 23:54:53 - [TEST_CASE][PASSED] - Test Cases/Positive Case/TC-07 - Payment PopUp on Close: Test Cases/Positive Case/TC-07 - Payment PopUp on Close

2023-03-17 23:54:54 - [TEST_STEP][PASSED] - openBrowser(""): Browser is opened with url: ''

2023-03-17 23:54:54 - [MESSAGE][WARNING] - A browser is already opened. Closing browser and opening a new one

2023-03-17 23:54:54 - [MESSAGE][INFO] - Starting 'Chrome' driver

2023-03-17 23:54:54 - [MESSAGE][INFO] - Action delay is set to 0 milliseconds

2023-03-17 23:55:05 - [MESSAGE][PASSED] - Browser is opened with url: ''

2023-03-17 23:55:05 - [TEST_STEP][PASSED] - navigateToUrl(web): Navigate to 'https://demo.midtrans.com/' successfully

2023-03-17 23:55:16 - [MESSAGE][PASSED] - Navigate to 'https://demo.midtrans.com/' successfully

2023-03-17 23:55:16 - [TEST_STEP][PASSED] - click(findTestObject("Object Repository/PopupCancel/a_BUY NOW")): Object: 'Object Repository/PopupCancel/a_BUY NOW' is clicked on

2023-03-17 23:55:20 - [MESSAGE][PASSED] - Object: 'Object Repository/PopupCancel/a_BUY NOW' is clicked on

2023-03-17 23:55:20 - [TEST_STEP][PASSED] - verifyElementVisible(findTestObject("Object Repository/PopupCancel/div_SIGN UP_main-overlay buying")): Object 'Object Repository/PopupCancel/div_SIGN UP_main-overlay buying' is visible

2023-03-17 23:55:21 - [MESSAGE][PASSED] - Object 'Object Repository/PopupCancel/div_SIGN UP_main-overlay buying' is visible

2023-03-17 23:55:21 - [TEST_STEP][PASSED] - verifyElementVisible(findTestObject("Object Repository/PopupCancel/div_Shopping Cart 1")): Object 'Object Repository/PopupCancel/div_Shopping Cart 1' is visible

2023-03-17 23:55:22 - [MESSAGE][PASSED] - Object 'Object Repository/PopupCancel/div_Shopping Cart 1' is visible

2023-03-17 23:55:22 - [TEST_STEP][PASSED] - click(findTestObject("Object Repository/PopupCancel/div_cancel")): Object: 'Object Repository/PopupCancel/div_cancel' is clicked on

2023-03-17 23:55:23 - [MESSAGE][PASSED] - Object: 'Object Repository/PopupCancel/div_cancel' is clicked on

2023-03-17 23:55:23 - [TEST_STEP][PASSED] - verifyElementPresent(findTestObject("Object Repository/Box/a_BUY NOW"), 0): Object 'Object Repository/Box/a_BUY NOW' is present

2023-03-17 23:55:23 - [MESSAGE][WARNING] - Timeout '0' is invalid. Using default page load timeout: '30'

2023-03-17 23:55:23 - [MESSAGE][PASSED] - Object 'Object Repository/Box/a_BUY NOW' is present]]></system-out>
         <system-err><![CDATA[]]></system-err>
      </testcase>
      <testcase name="Test Cases/Positive Case/TC-03 - Show Box Item Info" time="19.062" classname="Test Cases/Positive Case/TC-03 - Show Box Item Info" status="PASSED">
         <system-out><![CDATA[2023-03-17 23:55:23 - [TEST_CASE][PASSED] - Test Cases/Positive Case/TC-03 - Show Box Item Info: Test Cases/Positive Case/TC-03 - Show Box Item Info

2023-03-17 23:55:24 - [TEST_STEP][PASSED] - openBrowser(""): Browser is opened with url: ''

2023-03-17 23:55:24 - [MESSAGE][WARNING] - A browser is already opened. Closing browser and opening a new one

2023-03-17 23:55:24 - [MESSAGE][INFO] - Starting 'Chrome' driver

2023-03-17 23:55:24 - [MESSAGE][INFO] - Action delay is set to 0 milliseconds

2023-03-17 23:55:29 - [MESSAGE][PASSED] - Browser is opened with url: ''

2023-03-17 23:55:29 - [TEST_STEP][PASSED] - navigateToUrl(web): Navigate to 'https://demo.midtrans.com/' successfully

2023-03-17 23:55:36 - [MESSAGE][PASSED] - Navigate to 'https://demo.midtrans.com/' successfully

2023-03-17 23:55:36 - [TEST_STEP][PASSED] - waitForElementPresent(findTestObject("Object Repository/Box/div_Midtrans PillowRp 20,000Get cozy with o_4052a0"), 0): Object 'Object Repository/Box/div_Midtrans PillowRp 20,000Get cozy with o_4052a0' is present

2023-03-17 23:55:37 - [MESSAGE][WARNING] - Timeout '0' is invalid. Using default page load timeout: '30'

2023-03-17 23:55:37 - [MESSAGE][PASSED] - Object 'Object Repository/Box/div_Midtrans PillowRp 20,000Get cozy with o_4052a0' is present

2023-03-17 23:55:37 - [TEST_STEP][PASSED] - verifyElementPresent(findTestObject("Object Repository/Box/a_BUY NOW"), 0): Object 'Object Repository/Box/a_BUY NOW' is present

2023-03-17 23:55:37 - [MESSAGE][WARNING] - Timeout '0' is invalid. Using default page load timeout: '30'

2023-03-17 23:55:38 - [MESSAGE][PASSED] - Object 'Object Repository/Box/a_BUY NOW' is present

2023-03-17 23:55:38 - [TEST_STEP][PASSED] - verifyElementText(findTestObject("Object Repository/Box/div_Midtrans Pillow"), "Midtrans Pillow"): Actual text and expected text of test object 'Object Repository/Box/div_Midtrans Pillow' are matched.

2023-03-17 23:55:41 - [MESSAGE][PASSED] - Actual text and expected text of test object 'Object Repository/Box/div_Midtrans Pillow' are matched.

2023-03-17 23:55:41 - [TEST_STEP][PASSED] - verifyElementText(findTestObject("Object Repository/Box/span_Get cozy with our new pillow"), "Get cozy with our new pillow!"): Actual text and expected text of test object 'Object Repository/Box/span_Get cozy with our new pillow' are matched.

2023-03-17 23:55:42 - [MESSAGE][PASSED] - Actual text and expected text of test object 'Object Repository/Box/span_Get cozy with our new pillow' are matched.

2023-03-17 23:55:42 - [TEST_STEP][PASSED] - closeBrowser(): Browser is closed

2023-03-17 23:55:42 - [MESSAGE][PASSED] - Browser is closed]]></system-out>
         <system-err><![CDATA[]]></system-err>
      </testcase>
      <testcase name="Test Cases/Positive Case/TC-05 - Redirect Homepage on Cancel" time="24.875" classname="Test Cases/Positive Case/TC-05 - Redirect Homepage on Cancel" status="PASSED">
         <system-out><![CDATA[2023-03-17 23:55:42 - [TEST_CASE][PASSED] - Test Cases/Positive Case/TC-05 - Redirect Homepage on Cancel: Test Cases/Positive Case/TC-05 - Redirect Homepage on Cancel

2023-03-17 23:55:43 - [TEST_STEP][PASSED] - openBrowser(""): Browser is opened with url: ''

2023-03-17 23:55:43 - [MESSAGE][INFO] - Starting 'Chrome' driver

2023-03-17 23:55:43 - [MESSAGE][INFO] - Action delay is set to 0 milliseconds

2023-03-17 23:55:48 - [MESSAGE][PASSED] - Browser is opened with url: ''

2023-03-17 23:55:48 - [TEST_STEP][PASSED] - navigateToUrl(web): Navigate to 'https://demo.midtrans.com/' successfully

2023-03-17 23:55:55 - [MESSAGE][PASSED] - Navigate to 'https://demo.midtrans.com/' successfully

2023-03-17 23:55:55 - [TEST_STEP][PASSED] - click(findTestObject("Object Repository/PopupCancel/a_BUY NOW")): Object: 'Object Repository/PopupCancel/a_BUY NOW' is clicked on

2023-03-17 23:55:59 - [MESSAGE][PASSED] - Object: 'Object Repository/PopupCancel/a_BUY NOW' is clicked on

2023-03-17 23:55:59 - [TEST_STEP][PASSED] - verifyElementVisible(findTestObject("Object Repository/PopupCancel/div_cancel")): Object 'Object Repository/PopupCancel/div_cancel' is visible

2023-03-17 23:55:59 - [MESSAGE][PASSED] - Object 'Object Repository/PopupCancel/div_cancel' is visible

2023-03-17 23:55:59 - [TEST_STEP][PASSED] - click(findTestObject("Object Repository/PopupCancel/div_cancel")): Object: 'Object Repository/PopupCancel/div_cancel' is clicked on

2023-03-17 23:56:05 - [MESSAGE][PASSED] - Object: 'Object Repository/PopupCancel/div_cancel' is clicked on

2023-03-17 23:56:05 - [TEST_STEP][PASSED] - verifyElementVisible(findTestObject("Object Repository/PopupCancel/div_Midtrans PillowRp 20,000Get cozy with o_4052a0")): Object 'Object Repository/PopupCancel/div_Midtrans PillowRp 20,000Get cozy with o_4052a0' is visible

2023-03-17 23:56:07 - [MESSAGE][PASSED] - Object 'Object Repository/PopupCancel/div_Midtrans PillowRp 20,000Get cozy with o_4052a0' is visible]]></system-out>
         <system-err><![CDATA[]]></system-err>
      </testcase>
      <testcase name="Test Cases/Positive Case/TC-01 - Show Shopping Cart Form" time="31.429" classname="Test Cases/Positive Case/TC-01 - Show Shopping Cart Form" status="PASSED">
         <system-out><![CDATA[2023-03-17 23:56:07 - [TEST_CASE][PASSED] - Test Cases/Positive Case/TC-01 - Show Shopping Cart Form: Test Cases/Positive Case/TC-01 - Show Shopping Cart Form

2023-03-17 23:56:08 - [TEST_STEP][PASSED] - openBrowser(""): Browser is opened with url: ''

2023-03-17 23:56:08 - [MESSAGE][WARNING] - A browser is already opened. Closing browser and opening a new one

2023-03-17 23:56:08 - [MESSAGE][INFO] - Starting 'Chrome' driver

2023-03-17 23:56:08 - [MESSAGE][INFO] - Action delay is set to 0 milliseconds

2023-03-17 23:56:18 - [MESSAGE][PASSED] - Browser is opened with url: ''

2023-03-17 23:56:18 - [TEST_STEP][PASSED] - navigateToUrl(web): Navigate to 'https://demo.midtrans.com/' successfully

2023-03-17 23:56:24 - [MESSAGE][PASSED] - Navigate to 'https://demo.midtrans.com/' successfully

2023-03-17 23:56:24 - [TEST_STEP][PASSED] - click(findTestObject("Object Repository/Box/a_BUY NOW")): Object: 'Object Repository/Box/a_BUY NOW' is clicked on

2023-03-17 23:56:27 - [MESSAGE][PASSED] - Object: 'Object Repository/Box/a_BUY NOW' is clicked on

2023-03-17 23:56:27 - [TEST_STEP][PASSED] - verifyElementVisible(findTestObject("Object Repository/Box/span_Shopping Cart")): Object 'Object Repository/Box/span_Shopping Cart' is visible

2023-03-17 23:56:30 - [MESSAGE][PASSED] - Object 'Object Repository/Box/span_Shopping Cart' is visible

2023-03-17 23:56:30 - [TEST_STEP][PASSED] - click(findTestObject("Object Repository/Box/div_Customer Details")): Object: 'Object Repository/Box/div_Customer Details' is clicked on

2023-03-17 23:56:31 - [MESSAGE][PASSED] - Object: 'Object Repository/Box/div_Customer Details' is clicked on

2023-03-17 23:56:31 - [TEST_STEP][PASSED] - verifyElementVisible(findTestObject("Object Repository/Box/div_Customer Details")): Object 'Object Repository/Box/div_Customer Details' is visible

2023-03-17 23:56:32 - [MESSAGE][PASSED] - Object 'Object Repository/Box/div_Customer Details' is visible

2023-03-17 23:56:32 - [TEST_STEP][PASSED] - verifyElementText(findTestObject("Object Repository/Box/div_Customer Details"), "Customer Details"): Actual text and expected text of test object 'Object Repository/Box/div_Customer Details' are matched.

2023-03-17 23:56:38 - [MESSAGE][PASSED] - Actual text and expected text of test object 'Object Repository/Box/div_Customer Details' are matched.

2023-03-17 23:56:38 - [TEST_STEP][PASSED] - verifyElementVisible(findTestObject("Object Repository/Box/div_CHECKOUT")): Object 'Object Repository/Box/div_CHECKOUT' is visible

2023-03-17 23:56:38 - [MESSAGE][PASSED] - Object 'Object Repository/Box/div_CHECKOUT' is visible

2023-03-17 23:56:38 - [TEST_STEP][PASSED] - verifyElementText(findTestObject("Object Repository/Box/div_CHECKOUT"), "CHECKOUT"): Actual text and expected text of test object 'Object Repository/Box/div_CHECKOUT' are matched.

2023-03-17 23:56:39 - [MESSAGE][PASSED] - Actual text and expected text of test object 'Object Repository/Box/div_CHECKOUT' are matched.]]></system-out>
         <system-err><![CDATA[]]></system-err>
      </testcase>
      <testcase name="Test Cases/Positive Case/TC-04 - Redirect Homepage Button Back to Merchant" time="27.124" classname="Test Cases/Positive Case/TC-04 - Redirect Homepage Button Back to Merchant" status="PASSED">
         <system-out><![CDATA[2023-03-17 23:56:39 - [TEST_CASE][PASSED] - Test Cases/Positive Case/TC-04 - Redirect Homepage Button Back to Merchant: Test Cases/Positive Case/TC-04 - Redirect Homepage Button Back to Merchant

2023-03-17 23:56:39 - [TEST_STEP][PASSED] - openBrowser(""): Browser is opened with url: ''

2023-03-17 23:56:39 - [MESSAGE][WARNING] - A browser is already opened. Closing browser and opening a new one

2023-03-17 23:56:39 - [MESSAGE][INFO] - Starting 'Chrome' driver

2023-03-17 23:56:39 - [MESSAGE][INFO] - Action delay is set to 0 milliseconds

2023-03-17 23:56:43 - [MESSAGE][PASSED] - Browser is opened with url: ''

2023-03-17 23:56:43 - [TEST_STEP][PASSED] - navigateToUrl(web): Navigate to 'https://demo.midtrans.com/' successfully

2023-03-17 23:56:46 - [MESSAGE][PASSED] - Navigate to 'https://demo.midtrans.com/' successfully

2023-03-17 23:56:46 - [TEST_STEP][PASSED] - click(findTestObject("Object Repository/BackToMerchant/a_BUY NOW")): Object: 'Object Repository/BackToMerchant/a_BUY NOW' is clicked on

2023-03-17 23:56:51 - [MESSAGE][PASSED] - Object: 'Object Repository/BackToMerchant/a_BUY NOW' is clicked on

2023-03-17 23:56:51 - [TEST_STEP][PASSED] - click(findTestObject("Object Repository/BackToMerchant/div_CHECKOUT")): Object: 'Object Repository/BackToMerchant/div_CHECKOUT' is clicked on

2023-03-17 23:56:55 - [MESSAGE][PASSED] - Object: 'Object Repository/BackToMerchant/div_CHECKOUT' is clicked on

2023-03-17 23:56:55 - [TEST_STEP][PASSED] - click(findTestObject("Object Repository/BackToMerchant/a_GoPayQRIS")): Object: 'Object Repository/BackToMerchant/a_GoPayQRIS' is clicked on

2023-03-17 23:57:03 - [MESSAGE][PASSED] - Object: 'Object Repository/BackToMerchant/a_GoPayQRIS' is clicked on

2023-03-17 23:57:03 - [TEST_STEP][PASSED] - click(findTestObject("Object Repository/BackToMerchant/button_Back to merchant")): Object: 'Object Repository/BackToMerchant/button_Back to merchant' is clicked on

2023-03-17 23:57:05 - [MESSAGE][PASSED] - Object: 'Object Repository/BackToMerchant/button_Back to merchant' is clicked on

2023-03-17 23:57:05 - [TEST_STEP][PASSED] - verifyElementPresent(findTestObject("Object Repository/BackToMerchant/div_Midtrans PillowRp 20,000Get cozy with o_4052a0"), 0): Object 'Object Repository/BackToMerchant/div_Midtrans PillowRp 20,000Get cozy with o_4052a0' is present

2023-03-17 23:57:05 - [MESSAGE][WARNING] - Timeout '0' is invalid. Using default page load timeout: '30'

2023-03-17 23:57:05 - [MESSAGE][PASSED] - Object 'Object Repository/BackToMerchant/div_Midtrans PillowRp 20,000Get cozy with o_4052a0' is present

2023-03-17 23:57:05 - [TEST_STEP][PASSED] - verifyElementVisible(findTestObject("Object Repository/BackToMerchant/div_Midtrans PillowRp 20,000Get cozy with o_4052a0")): Object 'Object Repository/BackToMerchant/div_Midtrans PillowRp 20,000Get cozy with o_4052a0' is visible

2023-03-17 23:57:06 - [MESSAGE][PASSED] - Object 'Object Repository/BackToMerchant/div_Midtrans PillowRp 20,000Get cozy with o_4052a0' is visible]]></system-out>
         <system-err><![CDATA[]]></system-err>
      </testcase>
      <system-out><![CDATA[2023-03-17 23:52:46 - [TEST_SUITE][PASSED] - RUN - Smoke Test: Test Cases/Positive Case/TC-04 - Redirect Homepage Button Back to Merchant]]></system-out>
      <system-err><![CDATA[]]></system-err>
   </testsuite>
</testsuites>
